{
  "uid" : "3b9e56842dc613ec",
  "name" : "登录用例",
  "fullName" : "test_case.test_login.TestLogin#test_login_by_webchat",
  "historyId" : "14c45df6bfcc357fcdcea06356c27bee",
  "time" : {
    "start" : 1589904075605,
    "stop" : 1589904081986,
    "duration" : 6381
  },
  "status" : "broken",
  "statusMessage" : "selenium.common.exceptions.NoSuchElementException: Message: An element could not be located on the page using the given search parameters.",
  "statusTrace" : "self = <test_case.test_login.TestLogin object at 0x10f9a7690>\ncommon_driver = <appium.webdriver.webdriver.WebDriver (session=\"56b539b6-2a57-4abb-bca6-535c846caea3\")>\n\n    @allure.story(\"微信登录\")#小类\n    @allure.severity(allure.severity_level.CRITICAL)#bug严重等级\n    def test_login_by_webchat(self,common_driver):\n        log.info(\"test\")\n        xueqiu = XueQiuPage(common_driver)\n>       login = xueqiu.goto_profile()\n\ntest_case/test_login.py:26: \n_ _ _ _ _ _ _ _ _ _ _ _ _ _ _ _ _ _ _ _ _ _ _ _ _ _ _ _ _ _ _ _ _ _ _ _ _ _ _ _ \npage/xueqiupage.py:67: in goto_profile\n    self.driver.find_element_by_xpath(\"//*[@text='我的']\").click()\n/usr/local/lib/python3.7/site-packages/selenium/webdriver/remote/webdriver.py:394: in find_element_by_xpath\n    return self.find_element(by=By.XPATH, value=xpath)\n/usr/local/lib/python3.7/site-packages/appium/webdriver/webdriver.py:284: in find_element\n    'value': value})['value']\n/usr/local/lib/python3.7/site-packages/selenium/webdriver/remote/webdriver.py:321: in execute\n    self.error_handler.check_response(response)\n/usr/local/lib/python3.7/site-packages/appium/webdriver/errorhandler.py:29: in check_response\n    raise wde\n/usr/local/lib/python3.7/site-packages/appium/webdriver/errorhandler.py:24: in check_response\n    super(MobileErrorHandler, self).check_response(response)\n_ _ _ _ _ _ _ _ _ _ _ _ _ _ _ _ _ _ _ _ _ _ _ _ _ _ _ _ _ _ _ _ _ _ _ _ _ _ _ _ \n\nself = <appium.webdriver.errorhandler.MobileErrorHandler object at 0x10ee72d50>\nresponse = {'status': 404, 'value': '{\"value\":{\"error\":\"no such element\",\"message\":\"An element could not be located on the page u...b/node_modules/appium/node_modules/_appium-android-driver@4.18.1@appium-android-driver/lib/commands/find.js:75:11)\"}}'}\n\n    def check_response(self, response):\n        \"\"\"\n        Checks that a JSON response from the WebDriver does not have an error.\n    \n        :Args:\n         - response - The JSON response from the WebDriver server as a dictionary\n           object.\n    \n        :Raises: If the response contains an error message.\n        \"\"\"\n        status = response.get('status', None)\n        if status is None or status == ErrorCode.SUCCESS:\n            return\n        value = None\n        message = response.get(\"message\", \"\")\n        screen = response.get(\"screen\", \"\")\n        stacktrace = None\n        if isinstance(status, int):\n            value_json = response.get('value', None)\n            if value_json and isinstance(value_json, basestring):\n                import json\n                try:\n                    value = json.loads(value_json)\n                    if len(value.keys()) == 1:\n                        value = value['value']\n                    status = value.get('error', None)\n                    if status is None:\n                        status = value[\"status\"]\n                        message = value[\"value\"]\n                        if not isinstance(message, basestring):\n                            value = message\n                            message = message.get('message')\n                    else:\n                        message = value.get('message', None)\n                except ValueError:\n                    pass\n    \n        exception_class = ErrorInResponseException\n        if status in ErrorCode.NO_SUCH_ELEMENT:\n            exception_class = NoSuchElementException\n        elif status in ErrorCode.NO_SUCH_FRAME:\n            exception_class = NoSuchFrameException\n        elif status in ErrorCode.NO_SUCH_WINDOW:\n            exception_class = NoSuchWindowException\n        elif status in ErrorCode.STALE_ELEMENT_REFERENCE:\n            exception_class = StaleElementReferenceException\n        elif status in ErrorCode.ELEMENT_NOT_VISIBLE:\n            exception_class = ElementNotVisibleException\n        elif status in ErrorCode.INVALID_ELEMENT_STATE:\n            exception_class = InvalidElementStateException\n        elif status in ErrorCode.INVALID_SELECTOR \\\n                or status in ErrorCode.INVALID_XPATH_SELECTOR \\\n                or status in ErrorCode.INVALID_XPATH_SELECTOR_RETURN_TYPER:\n            exception_class = InvalidSelectorException\n        elif status in ErrorCode.ELEMENT_IS_NOT_SELECTABLE:\n            exception_class = ElementNotSelectableException\n        elif status in ErrorCode.ELEMENT_NOT_INTERACTABLE:\n            exception_class = ElementNotInteractableException\n        elif status in ErrorCode.INVALID_COOKIE_DOMAIN:\n            exception_class = InvalidCookieDomainException\n        elif status in ErrorCode.UNABLE_TO_SET_COOKIE:\n            exception_class = UnableToSetCookieException\n        elif status in ErrorCode.TIMEOUT:\n            exception_class = TimeoutException\n        elif status in ErrorCode.SCRIPT_TIMEOUT:\n            exception_class = TimeoutException\n        elif status in ErrorCode.UNKNOWN_ERROR:\n            exception_class = WebDriverException\n        elif status in ErrorCode.UNEXPECTED_ALERT_OPEN:\n            exception_class = UnexpectedAlertPresentException\n        elif status in ErrorCode.NO_ALERT_OPEN:\n            exception_class = NoAlertPresentException\n        elif status in ErrorCode.IME_NOT_AVAILABLE:\n            exception_class = ImeNotAvailableException\n        elif status in ErrorCode.IME_ENGINE_ACTIVATION_FAILED:\n            exception_class = ImeActivationFailedException\n        elif status in ErrorCode.MOVE_TARGET_OUT_OF_BOUNDS:\n            exception_class = MoveTargetOutOfBoundsException\n        elif status in ErrorCode.JAVASCRIPT_ERROR:\n            exception_class = JavascriptException\n        elif status in ErrorCode.SESSION_NOT_CREATED:\n            exception_class = SessionNotCreatedException\n        elif status in ErrorCode.INVALID_ARGUMENT:\n            exception_class = InvalidArgumentException\n        elif status in ErrorCode.NO_SUCH_COOKIE:\n            exception_class = NoSuchCookieException\n        elif status in ErrorCode.UNABLE_TO_CAPTURE_SCREEN:\n            exception_class = ScreenshotException\n        elif status in ErrorCode.ELEMENT_CLICK_INTERCEPTED:\n            exception_class = ElementClickInterceptedException\n        elif status in ErrorCode.INSECURE_CERTIFICATE:\n            exception_class = InsecureCertificateException\n        elif status in ErrorCode.INVALID_COORDINATES:\n            exception_class = InvalidCoordinatesException\n        elif status in ErrorCode.INVALID_SESSION_ID:\n            exception_class = InvalidSessionIdException\n        elif status in ErrorCode.UNKNOWN_METHOD:\n            exception_class = UnknownMethodException\n        else:\n            exception_class = WebDriverException\n        if value == '' or value is None:\n            value = response['value']\n        if isinstance(value, basestring):\n            if exception_class == ErrorInResponseException:\n                raise exception_class(response, value)\n            raise exception_class(value)\n        if message == \"\" and 'message' in value:\n            message = value['message']\n    \n        screen = None\n        if 'screen' in value:\n            screen = value['screen']\n    \n        stacktrace = None\n        if 'stackTrace' in value and value['stackTrace']:\n            stacktrace = []\n            try:\n                for frame in value['stackTrace']:\n                    line = self._value_or_default(frame, 'lineNumber', '')\n                    file = self._value_or_default(frame, 'fileName', '<anonymous>')\n                    if line:\n                        file = \"%s:%s\" % (file, line)\n                    meth = self._value_or_default(frame, 'methodName', '<anonymous>')\n                    if 'className' in frame:\n                        meth = \"%s.%s\" % (frame['className'], meth)\n                    msg = \"    at %s (%s)\"\n                    msg = msg % (meth, file)\n                    stacktrace.append(msg)\n            except TypeError:\n                pass\n        if exception_class == ErrorInResponseException:\n            raise exception_class(response, message)\n        elif exception_class == UnexpectedAlertPresentException:\n            alert_text = None\n            if 'data' in value:\n                alert_text = value['data'].get('text')\n            elif 'alert' in value:\n                alert_text = value['alert'].get('text')\n            raise exception_class(message, screen, stacktrace, alert_text)\n>       raise exception_class(message, screen, stacktrace)\nE       selenium.common.exceptions.NoSuchElementException: Message: An element could not be located on the page using the given search parameters.\n\n/usr/local/lib/python3.7/site-packages/selenium/webdriver/remote/errorhandler.py:242: NoSuchElementException",
  "flaky" : false,
  "newFailed" : false,
  "beforeStages" : [ {
    "name" : "cmdopt",
    "time" : {
      "start" : 1589904050986,
      "stop" : 1589904050986,
      "duration" : 0
    },
    "status" : "passed",
    "steps" : [ ],
    "attachments" : [ ],
    "parameters" : [ ],
    "stepsCount" : 0,
    "attachmentsCount" : 0,
    "shouldDisplayMessage" : false,
    "hasContent" : false
  }, {
    "name" : "common_driver",
    "time" : {
      "start" : 1589904050986,
      "stop" : 1589904075597,
      "duration" : 24611
    },
    "status" : "passed",
    "steps" : [ ],
    "attachments" : [ ],
    "parameters" : [ ],
    "stepsCount" : 0,
    "attachmentsCount" : 0,
    "shouldDisplayMessage" : false,
    "hasContent" : false
  } ],
  "testStage" : {
    "status" : "broken",
    "statusMessage" : "selenium.common.exceptions.NoSuchElementException: Message: An element could not be located on the page using the given search parameters.",
    "statusTrace" : "self = <test_case.test_login.TestLogin object at 0x10f9a7690>\ncommon_driver = <appium.webdriver.webdriver.WebDriver (session=\"56b539b6-2a57-4abb-bca6-535c846caea3\")>\n\n    @allure.story(\"微信登录\")#小类\n    @allure.severity(allure.severity_level.CRITICAL)#bug严重等级\n    def test_login_by_webchat(self,common_driver):\n        log.info(\"test\")\n        xueqiu = XueQiuPage(common_driver)\n>       login = xueqiu.goto_profile()\n\ntest_case/test_login.py:26: \n_ _ _ _ _ _ _ _ _ _ _ _ _ _ _ _ _ _ _ _ _ _ _ _ _ _ _ _ _ _ _ _ _ _ _ _ _ _ _ _ \npage/xueqiupage.py:67: in goto_profile\n    self.driver.find_element_by_xpath(\"//*[@text='我的']\").click()\n/usr/local/lib/python3.7/site-packages/selenium/webdriver/remote/webdriver.py:394: in find_element_by_xpath\n    return self.find_element(by=By.XPATH, value=xpath)\n/usr/local/lib/python3.7/site-packages/appium/webdriver/webdriver.py:284: in find_element\n    'value': value})['value']\n/usr/local/lib/python3.7/site-packages/selenium/webdriver/remote/webdriver.py:321: in execute\n    self.error_handler.check_response(response)\n/usr/local/lib/python3.7/site-packages/appium/webdriver/errorhandler.py:29: in check_response\n    raise wde\n/usr/local/lib/python3.7/site-packages/appium/webdriver/errorhandler.py:24: in check_response\n    super(MobileErrorHandler, self).check_response(response)\n_ _ _ _ _ _ _ _ _ _ _ _ _ _ _ _ _ _ _ _ _ _ _ _ _ _ _ _ _ _ _ _ _ _ _ _ _ _ _ _ \n\nself = <appium.webdriver.errorhandler.MobileErrorHandler object at 0x10ee72d50>\nresponse = {'status': 404, 'value': '{\"value\":{\"error\":\"no such element\",\"message\":\"An element could not be located on the page u...b/node_modules/appium/node_modules/_appium-android-driver@4.18.1@appium-android-driver/lib/commands/find.js:75:11)\"}}'}\n\n    def check_response(self, response):\n        \"\"\"\n        Checks that a JSON response from the WebDriver does not have an error.\n    \n        :Args:\n         - response - The JSON response from the WebDriver server as a dictionary\n           object.\n    \n        :Raises: If the response contains an error message.\n        \"\"\"\n        status = response.get('status', None)\n        if status is None or status == ErrorCode.SUCCESS:\n            return\n        value = None\n        message = response.get(\"message\", \"\")\n        screen = response.get(\"screen\", \"\")\n        stacktrace = None\n        if isinstance(status, int):\n            value_json = response.get('value', None)\n            if value_json and isinstance(value_json, basestring):\n                import json\n                try:\n                    value = json.loads(value_json)\n                    if len(value.keys()) == 1:\n                        value = value['value']\n                    status = value.get('error', None)\n                    if status is None:\n                        status = value[\"status\"]\n                        message = value[\"value\"]\n                        if not isinstance(message, basestring):\n                            value = message\n                            message = message.get('message')\n                    else:\n                        message = value.get('message', None)\n                except ValueError:\n                    pass\n    \n        exception_class = ErrorInResponseException\n        if status in ErrorCode.NO_SUCH_ELEMENT:\n            exception_class = NoSuchElementException\n        elif status in ErrorCode.NO_SUCH_FRAME:\n            exception_class = NoSuchFrameException\n        elif status in ErrorCode.NO_SUCH_WINDOW:\n            exception_class = NoSuchWindowException\n        elif status in ErrorCode.STALE_ELEMENT_REFERENCE:\n            exception_class = StaleElementReferenceException\n        elif status in ErrorCode.ELEMENT_NOT_VISIBLE:\n            exception_class = ElementNotVisibleException\n        elif status in ErrorCode.INVALID_ELEMENT_STATE:\n            exception_class = InvalidElementStateException\n        elif status in ErrorCode.INVALID_SELECTOR \\\n                or status in ErrorCode.INVALID_XPATH_SELECTOR \\\n                or status in ErrorCode.INVALID_XPATH_SELECTOR_RETURN_TYPER:\n            exception_class = InvalidSelectorException\n        elif status in ErrorCode.ELEMENT_IS_NOT_SELECTABLE:\n            exception_class = ElementNotSelectableException\n        elif status in ErrorCode.ELEMENT_NOT_INTERACTABLE:\n            exception_class = ElementNotInteractableException\n        elif status in ErrorCode.INVALID_COOKIE_DOMAIN:\n            exception_class = InvalidCookieDomainException\n        elif status in ErrorCode.UNABLE_TO_SET_COOKIE:\n            exception_class = UnableToSetCookieException\n        elif status in ErrorCode.TIMEOUT:\n            exception_class = TimeoutException\n        elif status in ErrorCode.SCRIPT_TIMEOUT:\n            exception_class = TimeoutException\n        elif status in ErrorCode.UNKNOWN_ERROR:\n            exception_class = WebDriverException\n        elif status in ErrorCode.UNEXPECTED_ALERT_OPEN:\n            exception_class = UnexpectedAlertPresentException\n        elif status in ErrorCode.NO_ALERT_OPEN:\n            exception_class = NoAlertPresentException\n        elif status in ErrorCode.IME_NOT_AVAILABLE:\n            exception_class = ImeNotAvailableException\n        elif status in ErrorCode.IME_ENGINE_ACTIVATION_FAILED:\n            exception_class = ImeActivationFailedException\n        elif status in ErrorCode.MOVE_TARGET_OUT_OF_BOUNDS:\n            exception_class = MoveTargetOutOfBoundsException\n        elif status in ErrorCode.JAVASCRIPT_ERROR:\n            exception_class = JavascriptException\n        elif status in ErrorCode.SESSION_NOT_CREATED:\n            exception_class = SessionNotCreatedException\n        elif status in ErrorCode.INVALID_ARGUMENT:\n            exception_class = InvalidArgumentException\n        elif status in ErrorCode.NO_SUCH_COOKIE:\n            exception_class = NoSuchCookieException\n        elif status in ErrorCode.UNABLE_TO_CAPTURE_SCREEN:\n            exception_class = ScreenshotException\n        elif status in ErrorCode.ELEMENT_CLICK_INTERCEPTED:\n            exception_class = ElementClickInterceptedException\n        elif status in ErrorCode.INSECURE_CERTIFICATE:\n            exception_class = InsecureCertificateException\n        elif status in ErrorCode.INVALID_COORDINATES:\n            exception_class = InvalidCoordinatesException\n        elif status in ErrorCode.INVALID_SESSION_ID:\n            exception_class = InvalidSessionIdException\n        elif status in ErrorCode.UNKNOWN_METHOD:\n            exception_class = UnknownMethodException\n        else:\n            exception_class = WebDriverException\n        if value == '' or value is None:\n            value = response['value']\n        if isinstance(value, basestring):\n            if exception_class == ErrorInResponseException:\n                raise exception_class(response, value)\n            raise exception_class(value)\n        if message == \"\" and 'message' in value:\n            message = value['message']\n    \n        screen = None\n        if 'screen' in value:\n            screen = value['screen']\n    \n        stacktrace = None\n        if 'stackTrace' in value and value['stackTrace']:\n            stacktrace = []\n            try:\n                for frame in value['stackTrace']:\n                    line = self._value_or_default(frame, 'lineNumber', '')\n                    file = self._value_or_default(frame, 'fileName', '<anonymous>')\n                    if line:\n                        file = \"%s:%s\" % (file, line)\n                    meth = self._value_or_default(frame, 'methodName', '<anonymous>')\n                    if 'className' in frame:\n                        meth = \"%s.%s\" % (frame['className'], meth)\n                    msg = \"    at %s (%s)\"\n                    msg = msg % (meth, file)\n                    stacktrace.append(msg)\n            except TypeError:\n                pass\n        if exception_class == ErrorInResponseException:\n            raise exception_class(response, message)\n        elif exception_class == UnexpectedAlertPresentException:\n            alert_text = None\n            if 'data' in value:\n                alert_text = value['data'].get('text')\n            elif 'alert' in value:\n                alert_text = value['alert'].get('text')\n            raise exception_class(message, screen, stacktrace, alert_text)\n>       raise exception_class(message, screen, stacktrace)\nE       selenium.common.exceptions.NoSuchElementException: Message: An element could not be located on the page using the given search parameters.\n\n/usr/local/lib/python3.7/site-packages/selenium/webdriver/remote/errorhandler.py:242: NoSuchElementException",
    "steps" : [ ],
    "attachments" : [ {
      "uid" : "1af11abd624a9079",
      "name" : "log",
      "source" : "1af11abd624a9079.txt",
      "type" : "text/plain",
      "size" : 1064
    }, {
      "uid" : "5dd8289a87c8f71b",
      "name" : "stderr",
      "source" : "5dd8289a87c8f71b.txt",
      "type" : "text/plain",
      "size" : 1068
    } ],
    "parameters" : [ ],
    "stepsCount" : 0,
    "attachmentsCount" : 2,
    "shouldDisplayMessage" : true,
    "hasContent" : true
  },
  "afterStages" : [ {
    "name" : "common_driver::0",
    "time" : {
      "start" : 1589904082173,
      "stop" : 1589904082173,
      "duration" : 0
    },
    "status" : "passed",
    "steps" : [ ],
    "attachments" : [ ],
    "parameters" : [ ],
    "stepsCount" : 0,
    "attachmentsCount" : 0,
    "shouldDisplayMessage" : false,
    "hasContent" : false
  } ],
  "labels" : [ {
    "name" : "feature",
    "value" : "测试登录用例"
  }, {
    "name" : "severity",
    "value" : "critical"
  }, {
    "name" : "story",
    "value" : "微信登录"
  }, {
    "name" : "parentSuite",
    "value" : "test_case"
  }, {
    "name" : "suite",
    "value" : "test_login"
  }, {
    "name" : "subSuite",
    "value" : "TestLogin"
  }, {
    "name" : "host",
    "value" : "192.168.0.104"
  }, {
    "name" : "thread",
    "value" : "18489-MainThread"
  }, {
    "name" : "framework",
    "value" : "pytest"
  }, {
    "name" : "language",
    "value" : "cpython3"
  }, {
    "name" : "package",
    "value" : "test_case.test_login"
  }, {
    "name" : "resultFormat",
    "value" : "allure2"
  } ],
  "parameters" : [ ],
  "links" : [ ],
  "hidden" : false,
  "retry" : false,
  "extra" : {
    "severity" : "critical",
    "retries" : [ {
      "uid" : "a4d93916043bd95",
      "status" : "passed",
      "time" : {
        "start" : 1589904071919,
        "stop" : 1589904081084,
        "duration" : 9165
      }
    }, {
      "uid" : "a8dc695a00f15ce6",
      "status" : "broken",
      "statusDetails" : "selenium.common.exceptions.NoSuchElementException: Message: An element could not be located on the page using the given search parameters.",
      "time" : {
        "start" : 1589903935066,
        "stop" : 1589903941455,
        "duration" : 6389
      }
    }, {
      "uid" : "91e51f0210b5f52a",
      "status" : "passed",
      "time" : {
        "start" : 1589903931918,
        "stop" : 1589903940444,
        "duration" : 8526
      }
    }, {
      "uid" : "8d9f4a57b438bea5",
      "status" : "passed",
      "time" : {
        "start" : 1589903297164,
        "stop" : 1589903305367,
        "duration" : 8203
      }
    }, {
      "uid" : "faef248932786f9f",
      "status" : "broken",
      "statusDetails" : "selenium.common.exceptions.WebDriverException: Message: An unknown server-side error occurred while processing the command. Original error: Device emulator-5554 was not in the list of connected devices",
      "time" : {
        "start" : 1589903278666,
        "stop" : 1589903278666,
        "duration" : 0
      }
    }, {
      "uid" : "79c1d08ce95d026",
      "status" : "broken",
      "statusDetails" : "urllib3.exceptions.MaxRetryError: HTTPConnectionPool(host='localhost', port=4725): Max retries exceeded with url: /wd/hub/session (Caused by NewConnectionError('<urllib3.connection.HTTPConnection object at 0x1105ce490>: Failed to establish a new connection: [Errno 61] Connection refused'))",
      "time" : {
        "start" : 1589903161830,
        "stop" : 1589903161830,
        "duration" : 0
      }
    }, {
      "uid" : "a40da3cd1d01dd7e",
      "status" : "broken",
      "statusDetails" : "urllib3.exceptions.MaxRetryError: HTTPConnectionPool(host='localhost', port=4727): Max retries exceeded with url: /wd/hub/session (Caused by NewConnectionError('<urllib3.connection.HTTPConnection object at 0x1105ce590>: Failed to establish a new connection: [Errno 61] Connection refused'))",
      "time" : {
        "start" : 1589903161830,
        "stop" : 1589903161830,
        "duration" : 0
      }
    }, {
      "uid" : "7bd0e2c5836d9004",
      "status" : "passed",
      "time" : {
        "start" : 1589903126460,
        "stop" : 1589903135776,
        "duration" : 9316
      }
    }, {
      "uid" : "d4f2906359615423",
      "status" : "broken",
      "statusDetails" : "selenium.common.exceptions.WebDriverException: Message: An unknown server-side error occurred while processing the command. Original error: Error getting device API level. Original error: Error executing adbExec. Original error: 'Command '/Users/tangyao/Android/sdk/platform-tools/adb -P 5037 -s emulator-5554 shell getprop ro.build.version.sdk' exited with code 1'; Stderr: 'error: device offline'; Code: '1'",
      "time" : {
        "start" : 1589903111486,
        "stop" : 1589903111486,
        "duration" : 0
      }
    }, {
      "uid" : "c54705b11dccc9f3",
      "status" : "broken",
      "statusDetails" : "urllib3.exceptions.MaxRetryError: HTTPConnectionPool(host='localhost', port=4725): Max retries exceeded with url: /wd/hub/session (Caused by NewConnectionError('<urllib3.connection.HTTPConnection object at 0x10de89790>: Failed to establish a new connection: [Errno 61] Connection refused'))",
      "time" : {
        "start" : 1589902958098,
        "stop" : 1589902958098,
        "duration" : 0
      }
    }, {
      "uid" : "4251ffb99b444127",
      "status" : "broken",
      "statusDetails" : "urllib3.exceptions.MaxRetryError: HTTPConnectionPool(host='localhost', port=4727): Max retries exceeded with url: /wd/hub/session (Caused by NewConnectionError('<urllib3.connection.HTTPConnection object at 0x10de8c9d0>: Failed to establish a new connection: [Errno 61] Connection refused'))",
      "time" : {
        "start" : 1589902958098,
        "stop" : 1589902958098,
        "duration" : 0
      }
    }, {
      "uid" : "1c271c2305d3d5d0",
      "status" : "broken",
      "statusDetails" : "selenium.common.exceptions.NoSuchElementException: Message: An element could not be located on the page using the given search parameters.",
      "time" : {
        "start" : 1589902228210,
        "stop" : 1589902233317,
        "duration" : 5107
      }
    }, {
      "uid" : "b9d293bceb2ac8ce",
      "status" : "passed",
      "time" : {
        "start" : 1589902225513,
        "stop" : 1589902234557,
        "duration" : 9044
      }
    }, {
      "uid" : "7cd06793554f5209",
      "status" : "broken",
      "statusDetails" : "urllib3.exceptions.MaxRetryError: HTTPConnectionPool(host='localhost', port=4727): Max retries exceeded with url: /wd/hub/session (Caused by NewConnectionError('<urllib3.connection.HTTPConnection object at 0x1077f5050>: Failed to establish a new connection: [Errno 61] Connection refused'))",
      "time" : {
        "start" : 1589902196738,
        "stop" : 1589902196738,
        "duration" : 0
      }
    }, {
      "uid" : "e23e81e22a0e19e",
      "status" : "broken",
      "statusDetails" : "urllib3.exceptions.MaxRetryError: HTTPConnectionPool(host='localhost', port=4725): Max retries exceeded with url: /wd/hub/session (Caused by NewConnectionError('<urllib3.connection.HTTPConnection object at 0x1077f3150>: Failed to establish a new connection: [Errno 61] Connection refused'))",
      "time" : {
        "start" : 1589902196738,
        "stop" : 1589902196738,
        "duration" : 0
      }
    }, {
      "uid" : "ee2d66ee083e954",
      "status" : "passed",
      "time" : {
        "start" : 1589901993407,
        "stop" : 1589901997959,
        "duration" : 4552
      }
    }, {
      "uid" : "dbf76c130284688e",
      "status" : "broken",
      "statusDetails" : "selenium.common.exceptions.WebDriverException: Message: An unknown server-side error occurred while processing the command. Original error: Device emulator-5554 was not in the list of connected devices",
      "time" : {
        "start" : 1589901974929,
        "stop" : 1589901974929,
        "duration" : 0
      }
    }, {
      "uid" : "6b6bfbaee43cb3e0",
      "status" : "broken",
      "statusDetails" : "urllib3.exceptions.MaxRetryError: HTTPConnectionPool(host='localhost', port=4727): Max retries exceeded with url: /wd/hub/session (Caused by NewConnectionError('<urllib3.connection.HTTPConnection object at 0x10f7bc350>: Failed to establish a new connection: [Errno 61] Connection refused'))",
      "time" : {
        "start" : 1589901965398,
        "stop" : 1589901965398,
        "duration" : 0
      }
    }, {
      "uid" : "9f75eb8c30836f93",
      "status" : "broken",
      "statusDetails" : "urllib3.exceptions.MaxRetryError: HTTPConnectionPool(host='localhost', port=4725): Max retries exceeded with url: /wd/hub/session (Caused by NewConnectionError('<urllib3.connection.HTTPConnection object at 0x10f7bb250>: Failed to establish a new connection: [Errno 61] Connection refused'))",
      "time" : {
        "start" : 1589901965397,
        "stop" : 1589901965397,
        "duration" : 0
      }
    } ],
    "categories" : [ {
      "name" : "Test defects",
      "matchedStatuses" : [ ],
      "flaky" : false
    } ],
    "history" : {
      "statistic" : {
        "failed" : 0,
        "broken" : 6,
        "skipped" : 0,
        "passed" : 3,
        "unknown" : 0,
        "total" : 9
      },
      "items" : [ {
        "uid" : "7dbaf30c33e2cd09",
        "status" : "broken",
        "statusDetails" : "selenium.common.exceptions.NoSuchElementException: Message: An element could not be located on the page using the given search parameters.",
        "time" : {
          "start" : 1589903935066,
          "stop" : 1589903941455,
          "duration" : 6389
        }
      }, {
        "uid" : "8d3ddd24890f106f",
        "status" : "passed",
        "time" : {
          "start" : 1589903297164,
          "stop" : 1589903305367,
          "duration" : 8203
        }
      }, {
        "uid" : "6ba3434cbc33b051",
        "status" : "broken",
        "statusDetails" : "urllib3.exceptions.MaxRetryError: HTTPConnectionPool(host='localhost', port=4725): Max retries exceeded with url: /wd/hub/session (Caused by NewConnectionError('<urllib3.connection.HTTPConnection object at 0x1105ce490>: Failed to establish a new connection: [Errno 61] Connection refused'))",
        "time" : {
          "start" : 1589903161830,
          "stop" : 1589903161830,
          "duration" : 0
        }
      }, {
        "uid" : "e4a35786787276b4",
        "status" : "passed",
        "time" : {
          "start" : 1589903126460,
          "stop" : 1589903135776,
          "duration" : 9316
        }
      }, {
        "uid" : "df8eb8b0bc95169a",
        "status" : "broken",
        "statusDetails" : "urllib3.exceptions.MaxRetryError: HTTPConnectionPool(host='localhost', port=4727): Max retries exceeded with url: /wd/hub/session (Caused by NewConnectionError('<urllib3.connection.HTTPConnection object at 0x10de8c9d0>: Failed to establish a new connection: [Errno 61] Connection refused'))",
        "time" : {
          "start" : 1589902958098,
          "stop" : 1589902958098,
          "duration" : 0
        }
      }, {
        "uid" : "12aeb6021e744895",
        "status" : "broken",
        "statusDetails" : "selenium.common.exceptions.NoSuchElementException: Message: An element could not be located on the page using the given search parameters.",
        "time" : {
          "start" : 1589902228210,
          "stop" : 1589902233317,
          "duration" : 5107
        }
      }, {
        "uid" : "ffb4dc9cc9c39683",
        "status" : "passed",
        "time" : {
          "start" : 1589901993407,
          "stop" : 1589901997959,
          "duration" : 4552
        }
      }, {
        "uid" : "ebf7dd9cbfa359f",
        "status" : "broken",
        "statusDetails" : "urllib3.exceptions.MaxRetryError: HTTPConnectionPool(host='localhost', port=4727): Max retries exceeded with url: /wd/hub/session (Caused by NewConnectionError('<urllib3.connection.HTTPConnection object at 0x10f7bc350>: Failed to establish a new connection: [Errno 61] Connection refused'))",
        "time" : {
          "start" : 1589901965398,
          "stop" : 1589901965398,
          "duration" : 0
        }
      } ]
    },
    "tags" : [ ]
  },
  "source" : "3b9e56842dc613ec.json",
  "parameterValues" : [ ]
}