{
  "uid" : "adb49cb88b996e4f",
  "name" : "test_open_hs",
  "fullName" : "test_case.test_trade.TestTrade#test_open_hs",
  "historyId" : "ab47321d9670dcb080fb66da8d632260",
  "time" : {
    "start" : 1592260356464,
    "stop" : 1592260373832,
    "duration" : 17368
  },
  "status" : "broken",
  "statusMessage" : "selenium.common.exceptions.TimeoutException: Message:",
  "statusTrace" : "self = <test_case.test_trade.TestTrade object at 0x1100c69d0>\ncommon_driver = <appium.webdriver.webdriver.WebDriver (session=\"fb960c79-f40f-45f6-b888-03590abb33a0\")>\n\n    def test_open_hs(self,common_driver):\n        self.xueqiu = XueQiuPage(common_driver)\n>       self.xueqiu.goto_trade().open_hs()\n\ntest_case/test_trade.py:15: \n_ _ _ _ _ _ _ _ _ _ _ _ _ _ _ _ _ _ _ _ _ _ _ _ _ _ _ _ _ _ _ _ _ _ _ _ _ _ _ _ \npage/trade/tradepage.py:25: in open_hs\n    self.find_element(self._open_hs).click()\ncommon/base_page.py:39: in find_element\n    raise e\ncommon/base_page.py:32: in find_element\n    return WebDriverWait(self.driver,10,0.2).until(expected_conditions.visibility_of_element_located(locator))\n_ _ _ _ _ _ _ _ _ _ _ _ _ _ _ _ _ _ _ _ _ _ _ _ _ _ _ _ _ _ _ _ _ _ _ _ _ _ _ _ \n\nself = <selenium.webdriver.support.wait.WebDriverWait (session=\"fb960c79-f40f-45f6-b888-03590abb33a0\")>\nmethod = <selenium.webdriver.support.expected_conditions.visibility_of_element_located object at 0x10fffd950>\nmessage = ''\n\n    def until(self, method, message=''):\n        \"\"\"Calls the method provided with the driver as an argument until the \\\n        return value is not False.\"\"\"\n        screen = None\n        stacktrace = None\n    \n        end_time = time.time() + self._timeout\n        while True:\n            try:\n                value = method(self._driver)\n                if value:\n                    return value\n            except self._ignored_exceptions as exc:\n                screen = getattr(exc, 'screen', None)\n                stacktrace = getattr(exc, 'stacktrace', None)\n            time.sleep(self._poll)\n            if time.time() > end_time:\n                break\n>       raise TimeoutException(message, screen, stacktrace)\nE       selenium.common.exceptions.TimeoutException: Message:\n\n/usr/local/lib/python3.7/site-packages/selenium/webdriver/support/wait.py:80: TimeoutException",
  "flaky" : false,
  "newFailed" : false,
  "beforeStages" : [ {
    "name" : "cmdopt",
    "time" : {
      "start" : 1592260346033,
      "stop" : 1592260346033,
      "duration" : 0
    },
    "status" : "passed",
    "steps" : [ ],
    "attachments" : [ ],
    "parameters" : [ ],
    "stepsCount" : 0,
    "attachmentsCount" : 0,
    "shouldDisplayMessage" : false,
    "hasContent" : false
  }, {
    "name" : "common_driver",
    "time" : {
      "start" : 1592260346033,
      "stop" : 1592260356464,
      "duration" : 10431
    },
    "status" : "passed",
    "steps" : [ ],
    "attachments" : [ ],
    "parameters" : [ ],
    "stepsCount" : 0,
    "attachmentsCount" : 0,
    "shouldDisplayMessage" : false,
    "hasContent" : false
  } ],
  "testStage" : {
    "status" : "broken",
    "statusMessage" : "selenium.common.exceptions.TimeoutException: Message:",
    "statusTrace" : "self = <test_case.test_trade.TestTrade object at 0x1100c69d0>\ncommon_driver = <appium.webdriver.webdriver.WebDriver (session=\"fb960c79-f40f-45f6-b888-03590abb33a0\")>\n\n    def test_open_hs(self,common_driver):\n        self.xueqiu = XueQiuPage(common_driver)\n>       self.xueqiu.goto_trade().open_hs()\n\ntest_case/test_trade.py:15: \n_ _ _ _ _ _ _ _ _ _ _ _ _ _ _ _ _ _ _ _ _ _ _ _ _ _ _ _ _ _ _ _ _ _ _ _ _ _ _ _ \npage/trade/tradepage.py:25: in open_hs\n    self.find_element(self._open_hs).click()\ncommon/base_page.py:39: in find_element\n    raise e\ncommon/base_page.py:32: in find_element\n    return WebDriverWait(self.driver,10,0.2).until(expected_conditions.visibility_of_element_located(locator))\n_ _ _ _ _ _ _ _ _ _ _ _ _ _ _ _ _ _ _ _ _ _ _ _ _ _ _ _ _ _ _ _ _ _ _ _ _ _ _ _ \n\nself = <selenium.webdriver.support.wait.WebDriverWait (session=\"fb960c79-f40f-45f6-b888-03590abb33a0\")>\nmethod = <selenium.webdriver.support.expected_conditions.visibility_of_element_located object at 0x10fffd950>\nmessage = ''\n\n    def until(self, method, message=''):\n        \"\"\"Calls the method provided with the driver as an argument until the \\\n        return value is not False.\"\"\"\n        screen = None\n        stacktrace = None\n    \n        end_time = time.time() + self._timeout\n        while True:\n            try:\n                value = method(self._driver)\n                if value:\n                    return value\n            except self._ignored_exceptions as exc:\n                screen = getattr(exc, 'screen', None)\n                stacktrace = getattr(exc, 'stacktrace', None)\n            time.sleep(self._poll)\n            if time.time() > end_time:\n                break\n>       raise TimeoutException(message, screen, stacktrace)\nE       selenium.common.exceptions.TimeoutException: Message:\n\n/usr/local/lib/python3.7/site-packages/selenium/webdriver/support/wait.py:80: TimeoutException",
    "steps" : [ ],
    "attachments" : [ {
      "uid" : "ff949634e72f7f55",
      "name" : "log",
      "source" : "ff949634e72f7f55.txt",
      "type" : "text/plain",
      "size" : 382
    }, {
      "uid" : "127da07079d74b5f",
      "name" : "stderr",
      "source" : "127da07079d74b5f.txt",
      "type" : "text/plain",
      "size" : 386
    } ],
    "parameters" : [ ],
    "stepsCount" : 0,
    "attachmentsCount" : 2,
    "shouldDisplayMessage" : true,
    "hasContent" : true
  },
  "afterStages" : [ {
    "name" : "common_driver::0",
    "time" : {
      "start" : 1592260373847,
      "stop" : 1592260375276,
      "duration" : 1429
    },
    "status" : "passed",
    "steps" : [ ],
    "attachments" : [ ],
    "parameters" : [ ],
    "stepsCount" : 0,
    "attachmentsCount" : 0,
    "shouldDisplayMessage" : false,
    "hasContent" : false
  } ],
  "labels" : [ {
    "name" : "parentSuite",
    "value" : "test_case"
  }, {
    "name" : "suite",
    "value" : "test_trade"
  }, {
    "name" : "subSuite",
    "value" : "TestTrade"
  }, {
    "name" : "host",
    "value" : "192.168.0.105"
  }, {
    "name" : "thread",
    "value" : "94150-MainThread"
  }, {
    "name" : "framework",
    "value" : "pytest"
  }, {
    "name" : "language",
    "value" : "cpython3"
  }, {
    "name" : "package",
    "value" : "test_case.test_trade"
  }, {
    "name" : "resultFormat",
    "value" : "allure2"
  } ],
  "parameters" : [ ],
  "links" : [ ],
  "hidden" : false,
  "retry" : false,
  "extra" : {
    "severity" : "normal",
    "retries" : [ {
      "uid" : "d6ea58b83fda5d47",
      "status" : "passed",
      "time" : {
        "start" : 1592260298194,
        "stop" : 1592260310181,
        "duration" : 11987
      }
    } ],
    "categories" : [ {
      "name" : "Test defects",
      "matchedStatuses" : [ ],
      "flaky" : false
    } ],
    "tags" : [ ]
  },
  "source" : "adb49cb88b996e4f.json",
  "parameterValues" : [ ]
}